[    0.000000] Linux version 4.15.0-212-generic (buildd@lcy02-amd64-083) (gcc version 7.5.0 (Ubuntu 7.5.0-3ubuntu1~18.04)) #223-Ubuntu SMP Tue May 23 13:09:22 UTC 2023 (Ubuntu 4.15.0-212.223-generic 4.15.18)
[    0.000000] Command line: BOOT_IMAGE=/boot/vmlinuz-4.15.0-212-generic root=LABEL=cloudimg-rootfs ro console=tty1 console=ttyS0
[    0.000000] KERNEL supported cpus:
[    0.000000]   Intel GenuineIntel
[    0.000000]   AMD AuthenticAMD
[    0.000000]   Centaur CentaurHauls
[    0.000000] x86/fpu: x87 FPU will use FXSAVE
[    0.000000] e820: BIOS-provided physical RAM map:
[    0.000000] BIOS-e820: [mem 0x0000000000000000-0x000000000009fbff] usable
[    0.000000] BIOS-e820: [mem 0x000000000009fc00-0x000000000009ffff] reserved
[    0.000000] BIOS-e820: [mem 0x00000000000f0000-0x00000000000fffff] reserved
[    0.000000] BIOS-e820: [mem 0x0000000000100000-0x000000000ffeffff] usable
[    0.000000] BIOS-e820: [mem 0x000000000fff0000-0x000000000fffffff] ACPI data
[    0.000000] BIOS-e820: [mem 0x00000000fec00000-0x00000000fec00fff] reserved
[    0.000000] BIOS-e820: [mem 0x00000000fee00000-0x00000000fee00fff] reserved
[    0.000000] BIOS-e820: [mem 0x00000000fffc0000-0x00000000ffffffff] reserved
[    0.000000] NX (Execute Disable) protection: active
[    0.000000] SMBIOS 2.5 present.
[    0.000000] DMI: innotek GmbH VirtualBox/VirtualBox, BIOS VirtualBox 12/01/2006
[    0.000000] Hypervisor detected: KVM
[    0.000000] e820: last_pfn = 0xfff0 max_arch_pfn = 0x400000000
[    0.000000] MTRR: Disabled
[    0.000000] x86/PAT: MTRRs disabled, skipping PAT initialization too.
[    0.000000] CPU MTRRs all blank - virtualized system.
[    0.000000] x86/PAT: Configuration [0-7]: WB  WT  UC- UC  WB  WT  UC- UC  
[    0.000000] found SMP MP-table at [mem 0x0009fff0-0x0009ffff]
[    0.000000] Scanning 1 areas for low memory corruption
[    0.000000] RAMDISK: [mem 0x0db01000-0x0ee12fff]
[    0.000000] ACPI: Early table checksum verification disabled
[    0.000000] ACPI: RSDP 0x00000000000E0000 000024 (v02 VBOX  )
[    0.000000] ACPI: XSDT 0x000000000FFF0030 00003C (v01 VBOX   VBOXXSDT 00000001 ASL  00000061)
[    0.000000] ACPI: FACP 0x000000000FFF00F0 0000F4 (v04 VBOX   VBOXFACP 00000001 ASL  00000061)
[    0.000000] ACPI: DSDT 0x000000000FFF0610 002353 (v02 VBOX   VBOXBIOS 00000002 INTL 20100528)
[    0.000000] ACPI: FACS 0x000000000FFF0200 000040
[    0.000000] ACPI: FACS 0x000000000FFF0200 000040
[    0.000000] ACPI: APIC 0x000000000FFF0240 000054 (v02 VBOX   VBOXAPIC 00000001 ASL  00000061)
[    0.000000] ACPI: SSDT 0x000000000FFF02A0 00036C (v01 VBOX   VBOXCPUT 00000002 INTL 20100528)
[    0.000000] ACPI: Reserving FACP table memory at [mem 0xfff00f0-0xfff01e3]
[    0.000000] ACPI: Reserving DSDT table memory at [mem 0xfff0610-0xfff2962]
[    0.000000] ACPI: Reserving FACS table memory at [mem 0xfff0200-0xfff023f]
[    0.000000] ACPI: Reserving FACS table memory at [mem 0xfff0200-0xfff023f]
[    0.000000] ACPI: Reserving APIC table memory at [mem 0xfff0240-0xfff0293]
[    0.000000] ACPI: Reserving SSDT table memory at [mem 0xfff02a0-0xfff060b]
[    0.000000] No NUMA configuration found
[    0.000000] Faking a node at [mem 0x0000000000000000-0x000000000ffeffff]
[    0.000000] NODE_DATA(0) allocated [mem 0x0ffc5000-0x0ffeffff]
[    0.000000] kvm-clock: cpu 0, msr 0:ff44001, primary cpu clock
[    0.000000] kvm-clock: Using msrs 4b564d01 and 4b564d00
[    0.000000] kvm-clock: using sched offset of 5742706915 cycles
[    0.000000] clocksource: kvm-clock: mask: 0xffffffffffffffff max_cycles: 0x1cd42e4dffb, max_idle_ns: 881590591483 ns
[    0.000000] Zone ranges:
[    0.000000]   DMA      [mem 0x0000000000001000-0x0000000000ffffff]
[    0.000000]   DMA32    [mem 0x0000000001000000-0x000000000ffeffff]
[    0.000000]   Normal   empty
[    0.000000]   Device   empty
[    0.000000] Movable zone start for each node
[    0.000000] Early memory node ranges
[    0.000000]   node   0: [mem 0x0000000000001000-0x000000000009efff]
[    0.000000]   node   0: [mem 0x0000000000100000-0x000000000ffeffff]
[    0.000000] Reserved but unavailable: 104 pages
[    0.000000] Initmem setup node 0 [mem 0x0000000000001000-0x000000000ffeffff]
[    0.000000] ACPI: PM-Timer IO Port: 0x4008
[    0.000000] IOAPIC[0]: apic_id 1, version 32, address 0xfec00000, GSI 0-23
[    0.000000] ACPI: INT_SRC_OVR (bus 0 bus_irq 0 global_irq 2 dfl dfl)
[    0.000000] ACPI: INT_SRC_OVR (bus 0 bus_irq 9 global_irq 9 low level)
[    0.000000] Using ACPI (MADT) for SMP configuration information
[    0.000000] smpboot: Allowing 1 CPUs, 0 hotplug CPUs
[    0.000000] PM: Registered nosave memory: [mem 0x00000000-0x00000fff]
[    0.000000] PM: Registered nosave memory: [mem 0x0009f000-0x0009ffff]
[    0.000000] PM: Registered nosave memory: [mem 0x000a0000-0x000effff]
[    0.000000] PM: Registered nosave memory: [mem 0x000f0000-0x000fffff]
[    0.000000] e820: [mem 0x10000000-0xfebfffff] available for PCI devices
[    0.000000] Booting paravirtualized kernel on KVM
[    0.000000] clocksource: refined-jiffies: mask: 0xffffffff max_cycles: 0xffffffff, max_idle_ns: 7645519600211568 ns
[    0.000000] setup_percpu: NR_CPUS:8192 nr_cpumask_bits:1 nr_cpu_ids:1 nr_node_ids:1
[    0.000000] percpu: Embedded 50 pages/cpu s167936 r8192 d28672 u2097152
[    0.000000] PV qspinlock hash table entries: 256 (order: 0, 4096 bytes)
[    0.000000] Built 1 zonelists, mobility grouping on.  Total pages: 64377
[    0.000000] Policy zone: DMA32
[    0.000000] Kernel command line: BOOT_IMAGE=/boot/vmlinuz-4.15.0-212-generic root=LABEL=cloudimg-rootfs ro console=tty1 console=ttyS0
[    0.000000] Memory: 208700K/261688K available (12300K kernel code, 2477K rwdata, 4324K rodata, 2480K init, 2720K bss, 52988K reserved, 0K cma-reserved)
[    0.000000] SLUB: HWalign=64, Order=0-3, MinObjects=0, CPUs=1, Nodes=1
[    0.000000] ftrace: allocating 39508 entries in 155 pages
[    0.004000] Hierarchical RCU implementation.
[    0.004000] 	RCU restricting CPUs from NR_CPUS=8192 to nr_cpu_ids=1.
[    0.004000] 	Tasks RCU enabled.
[    0.004000] RCU: Adjusting geometry for rcu_fanout_leaf=16, nr_cpu_ids=1
[    0.004000] NR_IRQS: 524544, nr_irqs: 256, preallocated irqs: 16
[    0.004000] random: crng init done
[    0.004000] Console: colour VGA+ 80x25
[    0.004000] console [tty1] enabled
[    0.004000] console [ttyS0] enabled
[    0.004000] ACPI: Core revision 20170831
[    0.004000] ACPI: 2 ACPI AML tables successfully acquired and loaded
[    0.004000] APIC: Switch to symmetric I/O mode setup
[    0.008000] ..TIMER: vector=0x30 apic1=0 pin1=2 apic2=-1 pin2=-1
[    0.008021] tsc: Detected 1094.399 MHz processor
[    0.012026] Calibrating delay loop (skipped) preset value.. 2188.79 BogoMIPS (lpj=4377596)
[    0.016017] pid_max: default: 32768 minimum: 301
[    0.020089] Security Framework initialized
[    0.024017] Yama: becoming mindful.
[    0.028074] AppArmor: AppArmor initialized
[    0.032172] Dentry cache hash table entries: 32768 (order: 6, 262144 bytes)
[    0.036078] Inode-cache hash table entries: 16384 (order: 5, 131072 bytes)
[    0.040064] Mount-cache hash table entries: 512 (order: 0, 4096 bytes)
[    0.044033] Mountpoint-cache hash table entries: 512 (order: 0, 4096 bytes)
[    0.060014] Last level iTLB entries: 4KB 0, 2MB 0, 4MB 0
[    0.068012] Last level dTLB entries: 4KB 0, 2MB 0, 4MB 0, 1GB 0
[    0.072019] Spectre V1 : Mitigation: usercopy/swapgs barriers and __user pointer sanitization
[    0.076017] Spectre V2 : Mitigation: Enhanced IBRS
[    0.080014] Spectre V2 : Spectre v2 / SpectreRSB mitigation: Filling RSB on context switch
[    0.084014] RETBleed: Mitigation: Enhanced IBRS
[    0.088014] Speculative Store Bypass: Vulnerable
[    0.109169] Freeing SMP alternatives memory: 36K
[    0.228972] smpboot: CPU0: Intel(R) Celeron(R) N4120 CPU @ 1.10GHz (family: 0x6, model: 0x7a, stepping: 0x8)
[    0.232182] Performance Events: unsupported p6 CPU model 122 no PMU driver, software events only.
[    0.236142] Hierarchical SRCU implementation.
[    0.241229] NMI watchdog: Perf event create on CPU 0 failed with -2
[    0.244017] NMI watchdog: Perf NMI watchdog permanently disabled
[    0.248160] smp: Bringing up secondary CPUs ...
[    0.252020] smp: Brought up 1 node, 1 CPU
[    0.256018] smpboot: Max logical packages: 1
[    0.260022] smpboot: Total of 1 processors activated (2188.79 BogoMIPS)
[    0.264334] devtmpfs: initialized
[    0.272175] x86/mm: Memory block size: 128MB
[    0.276307] evm: security.selinux
[    0.284018] evm: security.SMACK64
[    0.288016] evm: security.SMACK64EXEC
[    0.292016] evm: security.SMACK64TRANSMUTE
[    0.296015] evm: security.SMACK64MMAP
[    0.300016] evm: security.apparmor
[    0.304016] evm: security.ima
[    0.308017] evm: security.capability
[    0.312339] clocksource: jiffies: mask: 0xffffffff max_cycles: 0xffffffff, max_idle_ns: 7645041785100000 ns
[    0.316251] futex hash table entries: 256 (order: 2, 16384 bytes)
[    0.320146] pinctrl core: initialized pinctrl subsystem
[    0.328013] RTC time: 16:42:54, date: 08/09/24
[    0.332383] NET: Registered protocol family 16
[    0.336219] audit: initializing netlink subsys (disabled)
[    0.340389] cpuidle: using governor ladder
[    0.344036] audit: type=2000 audit(1723221779.084:1): state=initialized audit_enabled=0 res=1
[    0.348032] cpuidle: using governor menu
[    0.352175] ACPI: bus type PCI registered
[    0.356017] acpiphp: ACPI Hot Plug PCI Controller Driver version: 0.5
[    0.360863] PCI: Using configuration type 1 for base access
[    0.366625] HugeTLB registered 2.00 MiB page size, pre-allocated 0 pages
[    0.368516] ACPI: Added _OSI(Module Device)
[    0.372027] ACPI: Added _OSI(Processor Device)
[    0.376023] ACPI: Added _OSI(3.0 _SCP Extensions)
[    0.380018] ACPI: Added _OSI(Processor Aggregator Device)
[    0.384044] ACPI: Added _OSI(Linux-Dell-Video)
[    0.388060] ACPI: Added _OSI(Linux-Lenovo-NV-HDMI-Audio)
[    0.392021] ACPI: Added _OSI(Linux-HPI-Hybrid-Graphics)
[    0.397730] ACPI: Executed 1 blocks of module-level executable AML code
[    0.412839] ACPI: Interpreter enabled
[    0.416052] ACPI: (supports S0 S5)
[    0.420016] ACPI: Using IOAPIC for interrupt routing
[    0.428918] PCI: Using host bridge windows from ACPI; if necessary, use "pci=nocrs" and report a bug
[    0.432610] ACPI: Enabled 2 GPEs in block 00 to 07
[    0.465335] ACPI: PCI Root Bridge [PCI0] (domain 0000 [bus 00-ff])
[    0.468042] acpi PNP0A03:00: _OSC: OS supports [ASPM ClockPM Segments MSI]
[    0.474072] acpi PNP0A03:00: _OSC: not requesting OS control; OS requires [ExtendedConfig ASPM ClockPM MSI]
[    0.476070] acpi PNP0A03:00: fail to add MMCONFIG information, can't access extended PCI configuration space under this bridge.
[    0.484245] PCI host bridge to bus 0000:00
[    0.488025] pci_bus 0000:00: root bus resource [io  0x0000-0x0cf7 window]
[    0.496037] pci_bus 0000:00: root bus resource [io  0x0d00-0xffff window]
[    0.500026] pci_bus 0000:00: root bus resource [mem 0x000a0000-0x000bffff window]
[    0.504025] pci_bus 0000:00: root bus resource [mem 0x10000000-0xfdffffff window]
[    0.508024] pci_bus 0000:00: root bus resource [bus 00-ff]
[    0.529780] pci 0000:00:01.1: legacy IDE quirk: reg 0x10: [io  0x01f0-0x01f7]
[    0.532023] pci 0000:00:01.1: legacy IDE quirk: reg 0x14: [io  0x03f6]
[    0.536022] pci 0000:00:01.1: legacy IDE quirk: reg 0x18: [io  0x0170-0x0177]
[    0.540055] pci 0000:00:01.1: legacy IDE quirk: reg 0x1c: [io  0x0376]
[    0.605193] pci 0000:00:07.0: quirk: [io  0x4000-0x403f] claimed by PIIX4 ACPI
[    0.608109] pci 0000:00:07.0: quirk: [io  0x4100-0x410f] claimed by PIIX4 SMB
[    0.643167] ACPI: PCI Interrupt Link [LNKA] (IRQs 5 9 10 *11)
[    0.648073] ACPI: PCI Interrupt Link [LNKB] (IRQs 5 9 *10 11)
[    0.653028] ACPI: PCI Interrupt Link [LNKC] (IRQs 5 *9 10 11)
[    0.656616] ACPI: PCI Interrupt Link [LNKD] (IRQs 5 9 10 *11)
[    0.664862] SCSI subsystem initialized
[    0.672348] pci 0000:00:02.0: vgaarb: setting as boot VGA device
[    0.676000] pci 0000:00:02.0: vgaarb: VGA device added: decodes=io+mem,owns=io+mem,locks=none
[    0.676034] pci 0000:00:02.0: vgaarb: bridge control possible
[    0.680018] vgaarb: loaded
[    0.684112] ACPI: bus type USB registered
[    0.688092] usbcore: registered new interface driver usbfs
[    0.692072] usbcore: registered new interface driver hub
[    0.696064] usbcore: registered new device driver usb
[    0.700257] EDAC MC: Ver: 3.0.0
[    0.705804] PCI: Using ACPI for IRQ routing
[    0.709882] NetLabel: Initializing
[    0.712018] NetLabel:  domain hash size = 128
[    0.716018] NetLabel:  protocols = UNLABELED CIPSOv4 CALIPSO
[    0.720084] NetLabel:  unlabeled traffic allowed by default
[    0.724425] clocksource: Switched to clocksource kvm-clock
[    0.873007] VFS: Disk quotas dquot_6.6.0
[    0.892729] VFS: Dquot-cache hash table entries: 512 (order 0, 4096 bytes)
[    0.918505] AppArmor: AppArmor Filesystem Enabled
[    0.934560] pnp: PnP ACPI init
[    0.947795] pnp: PnP ACPI: found 3 devices
[    0.978769] clocksource: acpi_pm: mask: 0xffffff max_cycles: 0xffffff, max_idle_ns: 2085701024 ns
[    0.998800] NET: Registered protocol family 2
[    1.010358] IP idents hash table entries: 4096 (order: 3, 32768 bytes)
[    1.027521] TCP established hash table entries: 2048 (order: 2, 16384 bytes)
[    1.044210] TCP bind hash table entries: 2048 (order: 3, 32768 bytes)
[    1.060187] TCP: Hash tables configured (established 2048 bind 2048)
[    1.074961] UDP hash table entries: 256 (order: 1, 8192 bytes)
[    1.089490] UDP-Lite hash table entries: 256 (order: 1, 8192 bytes)
[    1.104718] NET: Registered protocol family 1
[    1.114772] pci 0000:00:00.0: Limiting direct PCI/PCI transfers
[    1.129654] pci 0000:00:01.0: Activating ISA DMA hang workarounds
[    1.144020] pci 0000:00:02.0: Video device with shadowed ROM at [mem 0x000c0000-0x000dffff]
[    1.165635] Unpacking initramfs...
[    2.648017] Freeing initrd memory: 19528K
[    2.662065] clocksource: tsc: mask: 0xffffffffffffffff max_cycles: 0xfc66e667aa, max_idle_ns: 440795255680 ns
[    2.690647] platform rtc_cmos: registered platform RTC device (no PNP device found)
[    2.719168] Scanning for low memory corruption every 60 seconds
[    2.739618] Initialise system trusted keyrings
[    2.754114] Key type blacklist registered
[    2.766353] workingset: timestamp_bits=36 max_order=16 bucket_order=0
[    2.791568] zbud: loaded
[    2.802130] squashfs: version 4.0 (2009/01/31) Phillip Lougher
[    2.820033] fuse init (API version 7.26)
[    2.835905] Key type asymmetric registered
[    2.849735] Asymmetric key parser 'x509' registered
[    2.862974] Block layer SCSI generic (bsg) driver version 0.4 loaded (major 246)
[    2.881863] io scheduler noop registered
[    2.892506] io scheduler deadline registered
[    2.905204] io scheduler cfq registered (default)
[    2.920041] ACPI: AC Adapter [AC] (off-line)
[    2.931975] input: Power Button as /devices/LNXSYSTM:00/LNXPWRBN:00/input/input0
[    2.951392] ACPI: Power Button [PWRF]
[    2.962345] input: Sleep Button as /devices/LNXSYSTM:00/LNXSLPBN:00/input/input1
[    2.983976] ACPI: Sleep Button [SLPF]
[    3.001002] Serial: 8250/16550 driver, 32 ports, IRQ sharing enabled
[    3.021850] ACPI: Battery Slot [BAT0] (battery present)
[    3.107406] 00:02: ttyS0 at I/O 0x3f8 (irq = 4, base_baud = 115200) is a 16550A
[    3.136201] Linux agpgart interface v0.103
[    3.170270] loop: module loaded
[    3.192338] scsi host0: ata_piix
[    3.206986] scsi host1: ata_piix
[    3.224905] ata1: PATA max UDMA/33 cmd 0x1f0 ctl 0x3f6 bmdma 0xd000 irq 14
[    3.248816] ata2: PATA max UDMA/33 cmd 0x170 ctl 0x376 bmdma 0xd008 irq 15
[    3.282684] tun: Universal TUN/TAP device driver, 1.6
[    3.300983] PPP generic driver version 2.4.2
[    3.316281] ehci_hcd: USB 2.0 'Enhanced' Host Controller (EHCI) Driver
[    3.338243] ehci-pci: EHCI PCI platform driver
[    3.355208] ehci-platform: EHCI generic platform driver
[    3.372901] ohci_hcd: USB 1.1 'Open' Host Controller (OHCI) Driver
[    3.397065] ohci-pci: OHCI PCI platform driver
[    3.411628] ohci-platform: OHCI generic platform driver
[    3.427867] uhci_hcd: USB Universal Host Controller Interface driver
[    3.572595] i8042: PNP: PS/2 Controller [PNP0303:PS2K,PNP0f03:PS2M] at 0x60,0x64 irq 1,12
[    3.620615] serio: i8042 KBD port at 0x60,0x64 irq 1
[    3.636318] serio: i8042 AUX port at 0x60,0x64 irq 12
[    3.655948] mousedev: PS/2 mouse device common for all mice
[    3.706007] input: AT Translated Set 2 keyboard as /devices/platform/i8042/serio0/input/input2
[    3.735318] rtc_cmos rtc_cmos: rtc core: registered rtc_cmos as rtc0
[    3.761903] rtc_cmos rtc_cmos: alarms up to one day, 114 bytes nvram
[    3.784082] i2c /dev entries driver
[    3.794948] device-mapper: uevent: version 1.0.3
[    3.808077] device-mapper: ioctl: 4.37.0-ioctl (2017-09-20) initialised: dm-devel@redhat.com
[    3.831432] ledtrig-cpu: registered to indicate activity on CPUs
[    3.850943] NET: Registered protocol family 10
[    3.880173] Segment Routing with IPv6
[    3.889398] NET: Registered protocol family 17
[    3.900124] Key type dns_resolver registered
[    3.910479] mce: Using 0 MCE banks
[    3.918542] RAS: Correctable Errors collector initialized.
[    3.930179] sched_clock: Marking stable (3930022645, 0)->(7491216328, -3561193683)
[    3.946621] registered taskstats version 1
[    3.955752] Loading compiled-in X.509 certificates
[    3.973964] Loaded X.509 cert 'Build time autogenerated kernel key: b5b26778eaa3ab3a4a6cee031137706e947d12ad'
[    3.994190] Loaded X.509 cert 'Canonical Ltd. Live Patch Signing: 14df34d1a87cf37625abec039ef2bf521249b969'
[    4.015225] Loaded X.509 cert 'Canonical Ltd. Kernel Module Signing: 88f752e560a1e0737e31163a466ad7b70a850c19'
[    4.035076] blacklist: Loading compiled-in revocation X.509 certificates
[    4.048749] Loaded X.509 cert 'Canonical Ltd. Secure Boot Signing: 61482aa2830d0ab2ad5af10b7250da9033ddcef0'
[    4.068498] Loaded X.509 cert 'Canonical Ltd. Secure Boot Signing (2017): 242ade75ac4a15e50d50c84b0d45ff3eae707a03'
[    4.088763] Loaded X.509 cert 'Canonical Ltd. Secure Boot Signing (ESM 2018): 365188c1d374d6b07c3c8f240f8ef722433d6a8b'
[    4.114339] Loaded X.509 cert 'Canonical Ltd. Secure Boot Signing (2019): c0746fd6c5da3ae827864651ad66ae47fe24b3e8'
[    4.136060] Loaded X.509 cert 'Canonical Ltd. Secure Boot Signing (2021 v1): a8d54bbb3825cfb94fa13c9f8a594a195c107b8d'
[    4.161304] Loaded X.509 cert 'Canonical Ltd. Secure Boot Signing (2021 v2): 4cf046892d6fd3c9a5b03f98d845f90851dc6a8c'
[    4.189248] Loaded X.509 cert 'Canonical Ltd. Secure Boot Signing (2021 v3): 100437bb6de6e469b581e61cd66bce3ef4ed53af'
[    4.216006] Loaded X.509 cert 'Canonical Ltd. Secure Boot Signing (Ubuntu Core 2019): c1d57b8f6b743f23ee41f4f7ee292f06eecadfb9'
[    4.245799] zswap: loaded using pool lzo/zbud
[    4.270015] Key type big_key registered
[    4.281271] Key type trusted registered
[    4.299189] Key type encrypted registered
[    4.310981] AppArmor: AppArmor sha1 policy hashing enabled
[    4.324846] ima: No TPM chip found, activating TPM-bypass! (rc=-19)
[    4.342428] ima: Allocated hash algorithm: sha1
[    4.355618] evm: HMAC attrs: 0x1
[    4.367144]   Magic number: 4:71:742
[    4.379200] rtc_cmos rtc_cmos: setting system clock to 2024-08-09 16:42:59 UTC (1723221779)
[    4.400959] BIOS EDD facility v0.16 2004-Jun-25, 0 devices found
[    4.417962] EDD information not available.
[    4.440787] Freeing unused kernel image memory: 2480K
[    4.460799] Write protecting the kernel read-only data: 20480k
[    4.477981] Freeing unused kernel image memory: 2008K
[    4.492832] Freeing unused kernel image memory: 1820K
[    4.522369] x86/mm: Checked W+X mappings: passed, no W+X pages found.
Loading, please wait...
starting version 237
[    4.834578] e1000: Intel(R) PRO/1000 Network Driver - version 7.3.21-k8-NAPI
[    4.848352] e1000: Copyright (c) 1999-2006 Intel Corporation.
[    4.869556] Fusion MPT base driver 3.04.20
[    4.878295] Copyright (c) 1999-2008 LSI Corporation
[    5.012459] SSE version of gcm_enc/dec engaged.
[    5.141842] Fusion MPT SPI Host driver 3.04.20
[    5.226668] input: ImExPS/2 Generic Explorer Mouse as /devices/platform/i8042/serio1/input/input4
[    6.332945] e1000 0000:00:03.0 eth0: (PCI:33MHz:32-bit) 02:3b:7b:b7:3b:2d
[    6.345692] e1000 0000:00:03.0 eth0: Intel(R) PRO/1000 Network Connection
[    6.361722] mptbase: ioc0: Initiating bringup
[    6.485665] ioc0: LSI53C1030 A0: Capabilities={Initiator}
[    6.762166] scsi host2: ioc0: LSI53C1030 A0, FwRev=00000000h, Ports=1, MaxQ=256, IRQ=20
[    6.950178] scsi 2:0:0:0: Direct-Access     VBOX     HARDDISK         1.0  PQ: 0 ANSI: 5
[    6.973045] scsi target2:0:0: Beginning Domain Validation
[    6.997176] scsi target2:0:0: Domain Validation skipping write tests
[    7.009462] scsi target2:0:0: Ending Domain Validation
[    7.044771] scsi target2:0:0: asynchronous
[    7.095093] scsi 2:0:1:0: Direct-Access     VBOX     HARDDISK         1.0  PQ: 0 ANSI: 5
[    7.123323] scsi target2:0:1: Beginning Domain Validation
[    7.261406] scsi target2:0:1: Domain Validation skipping write tests
[    7.272816] scsi target2:0:1: Ending Domain Validation
[    7.297154] scsi target2:0:1: asynchronous
[    7.498791] sd 2:0:0:0: [sda] 83886080 512-byte logical blocks: (42.9 GB/40.0 GiB)
[    7.513081] sd 2:0:0:0: Attached scsi generic sg0 type 0
[    7.537727] sd 2:0:1:0: Attached scsi generic sg1 type 0
[    7.549701] sd 2:0:1:0: [sdb] 20480 512-byte logical blocks: (10.5 MB/10.0 MiB)
[    7.564363] sd 2:0:0:0: [sda] Write Protect is off
[    7.589601] sd 2:0:0:0: [sda] Incomplete mode parameter data
[    7.601896] sd 2:0:0:0: [sda] Assuming drive cache: write through
[    7.616395] sd 2:0:1:0: [sdb] Write Protect is off
[    7.645567] sd 2:0:1:0: [sdb] Incomplete mode parameter data
[    7.658639] sd 2:0:1:0: [sdb] Assuming drive cache: write through
[    7.709301]  sda: sda1
[    7.739770] sd 2:0:0:0: [sda] Attached SCSI disk
[    7.751761] sd 2:0:1:0: [sdb] Attached SCSI disk
[    8.426480] e1000 0000:00:08.0 eth1: (PCI:33MHz:32-bit) 08:00:27:6a:dd:ed
[    8.439558] e1000 0000:00:08.0 eth1: Intel(R) PRO/1000 Network Connection
[    8.455696] e1000 0000:00:08.0 enp0s8: renamed from eth1
[    8.490752] e1000 0000:00:03.0 enp0s3: renamed from eth0
Begin: Loading essential drivers ... [   11.704538] raid6: sse2x1   gen()  3340 MB/s
[   11.768499] raid6: sse2x1   xor()  2311 MB/s
[   11.832140] raid6: sse2x2   gen()  5202 MB/s
[   11.904495] raid6: sse2x2   xor()  4416 MB/s
[   11.968095] raid6: sse2x4   gen()  6057 MB/s
[   12.040144] raid6: sse2x4   xor()  2832 MB/s
[   12.048280] raid6: using algorithm sse2x4 gen() 6057 MB/s
[   12.058521] raid6: .... xor() 2832 MB/s, rmw enabled
[   12.068546] raid6: using ssse3x2 recovery algorithm
[   12.082132] xor: measuring software checksum speed
[   12.196309]    prefetch64-sse: 23244.000 MB/sec
[   12.312118]    generic_sse: 21715.000 MB/sec
[   12.320480] xor: using function: prefetch64-sse (23244.000 MB/sec)
[   12.335810] async_tx: api initialized (async)
done.
Begin: Running /scripts/init-premount ... done.
Begin: Mounting root file system ... Begin: Running /scripts/local-top ... done.
Begin: Running /scripts/local-premount ... [   12.482892] Btrfs loaded, crc32c=crc32c-intel
Scanning for Btrfs filesystems
done.
Warning: fsck not present, so skipping root file system
[   12.621458] EXT4-fs (sda1): mounted filesystem with ordered data mode. Opts: (null)
done.
Begin: Running /scripts/local-bottom ... done.
Begin: Running /scripts/init-bottom ... done.
[   13.173301] ip_tables: (C) 2000-2006 Netfilter Core Team
[   13.221453] systemd[1]: systemd 237 running in system mode. (+PAM +AUDIT +SELINUX +IMA +APPARMOR +SMACK +SYSVINIT +UTMP +LIBCRYPTSETUP +GCRYPT +GNUTLS +ACL +XZ +LZ4 +SECCOMP +BLKID +ELFUTILS +KMOD -IDN2 +IDN -PCRE2 default-hierarchy=hybrid)
[   13.259280] systemd[1]: Detected virtualization oracle.
[   13.269639] systemd[1]: Detected architecture x86-64.

Welcome to [1mUbuntu 18.04.6 LTS[0m!

[   13.292022] systemd[1]: Set hostname to <ubuntu>.
[   13.317655] systemd[1]: Initializing machine ID from random generator.
[   13.329934] systemd[1]: Installed transient /etc/machine-id file.
[   14.165741] systemd[1]: Set up automount Arbitrary Executable File Formats File System Automount Point.
[[0;32m  OK  [0m] Set up automount Arbitrary Executab…rmats File System Automount Point.
[   14.211051] systemd[1]: Started Forward Password Requests to Wall Directory Watch.
[[0;32m  OK  [0m] Started Forward Password Requests to Wall Directory Watch.
[   14.251682] systemd[1]: Reached target User and Group Name Lookups.
[[0;32m  OK  [0m] Reached target User and Group Name Lookups.
[   14.291614] systemd[1]: Created slice User and Session Slice.
[[0;32m  OK  [0m] Created slice User and Session Slice.
[[0;32m  OK  [0m] Reached target System Time Synchronized.
[[0;32m  OK  [0m] Reached target Swap.
[[0;32m  OK  [0m] Reached target Mounting snaps.
[[0;32m  OK  [0m] Reached target Mounted snaps.
[[0;32m  OK  [0m] Created slice System Slice.
[[0;32m  OK  [0m] Listening on Network Service Netlink Socket.
[[0;32m  OK  [0m] Listening on Journal Audit Socket.
[[0;32m  OK  [0m] Listening on fsck to fsckd communication Socket.
[[0;32m  OK  [0m] Listening on LVM2 metadata daemon socket.
[[0;32m  OK  [0m] Listening on Syslog Socket.
[[0;32m  OK  [0m] Listening on udev Kernel Socket.
[[0;32m  OK  [0m] Listening on Journal Socket.
         Starting Load Kernel Modules...
         Mounting POSIX Message Queue File System...
[   14.559519] Loading iSCSI transport class v2.0-870.
         Mounting Kernel Debug File System...
         Starting Set the console keyboard layout...
         Starting Uncomplicated firewall...
[[0;32m  OK  [0m] Listening on /dev/initctl Compatibility Named Pipe.
[[0;32m  OK  [0m] Listening on Device-mapper event daemon FIFOs.[   14.716915] iscsi: registered transport (tcp)

         Starting Monitoring of LVM2 mirrors…ng dmeventd or progress polling...
[[0;32m  OK  [0m] Created slice system-serial\x2dgetty.slice.
         Mounting Huge Pages File System...
[[0;32m  OK  [0m] Listening on udev Control Socket.
         Starting udev Coldplug all Devices...
[[0;32m  OK  [0m] Listening on Journal Socket (/dev/log).
         Starting Journal Service...
[[0;32m  OK  [0m] Reached target Slices.
         Starting Create list of required st…ce nodes for the current kernel...
         Starting File System Check on Root Device...
[[0;32m  OK  [0m] Listening on LVM2 poll daemon socket.
[[0;32m  OK  [0m] Mounted POSIX Message Queue File System.
[[   15.175492] iscsi: registered transport (iser)
[0;32m  OK  [0m] Mounted Kernel Debug File System.
[[0;32m  OK  [0m] Started Uncomplicated firewall.
[[0;32m  OK  [0m] Mounted Huge Pages File System.
[[0;32m  OK  [0m] Started Create list of required sta…vice nodes for the current kernel.
[[0;32m  OK  [0m] Started File System Check Daemon to report status.
[[0;32m  OK  [0m] Started LVM2 metadata daemon.
         Starting Create Static Device Nodes in /dev...
[[0;32m  OK  [0m] Started Load Kernel Modules.
         Mounting Kernel Configuration File System...
         Starting Apply Kernel Variables...
         Mounting FUSE Control File System...
[[0;32m  OK  [0m] Mounted Kernel Configuration File System.
[[0;32m  OK  [0m] Mounted FUSE Control File System.
[[0;32m  OK  [0m] Started File System Check on Root Device.
         Starting Remount Root and Kernel File Systems...
[[0;32m  OK  [0m] Started Monitoring of LVM2 mirrors,…sing dmeventd or progress polling.
[[0;32m  OK  [0m] Started Apply Kernel Variables.
[[0;32m  OK  [0m] Started Create Static Device Nodes in /dev.
[[0;32m  OK  [0m] Started Journal Service.
[[0;32m  OK  [0m] Started Remount Root and Kernel File Systems.
         Starting Load/Save Random Seed...
         Starting Flush Journal to Persistent Storage...
         Starting udev Kernel Device Manager...
[[0;32m  OK  [0m] Started Load/Save Random Seed.
[[0;32m  OK  [0m] Started udev Coldplug all Devices.
[[0;32m  OK  [0m] Started Flush Journal to Persistent Storage.
[[0;32m  OK  [0m] Started udev Kernel Device Manager.
[[0;32m  OK  [0m] Found device /dev/ttyS0.
[[0;32m  OK  [0m] Listening on Load/Save RF Kill Switch Status /dev/rfkill Watch.
[[0;32m  OK  [0m] Started Set the console keyboard layout.
[[0;32m  OK  [0m] Reached target Local File Systems (Pre).
[[0;32m  OK  [0m] Reached target Local File Systems.
         Starting Create Volatile Files and Directories...
         Starting Commit a transient machine-id on disk...
         Starting ebtables ruleset management...
         Starting Set console font and keymap...
         Starting AppArmor initialization...
         Starting Tell Plymouth To Write Out Runtime Data...
[[0;32m  OK  [0m] Started Dispatch Password Requests to Console Directory Watch.
[[0;32m  OK  [0m] Reached target Local Encrypted Volumes.
         Mounting Arbitrary Executable File Formats File System...
[[0;32m  OK  [0m] Started Tell Plymouth To Write Out Runtime Data.
[[0;32m  OK  [0m] Mounted Arbitrary Executable File Formats File System.
[[0;32m  OK  [0m] Started Commit a transient machine-id on disk.
[[0;32m  OK  [0m] Started Create Volatile Files and Directories.
         Starting Update UTMP about System Boot/Shutdown...
[[0;32m  OK  [0m] Started Update UTMP about System Boot/Shutdown.
[[0;32m  OK  [0m] Started ebtables ruleset management.
[[0;32m  OK  [0m] Started AppArmor initialization.
         Starting Initial cloud-init job (pre-networking)...
         Starting Load AppArmor profiles managed internally by snapd...
[[0;32m  OK  [0m] Started Load AppArmor profiles managed internally by snapd.
[[0;32m  OK  [0m] Started Set console font and keymap.
[   38.639142] cloud-init[758]: Cloud-init v. 23.1.2-0ubuntu0~18.04.1 running 'init-local' at Fri, 09 Aug 2024 16:43:32 +0000. Up 37.64 seconds.
[[0;32m  OK  [0m] Started Initial cloud-init job (pre-networking).
[[0;32m  OK  [0m] Reached target Network (Pre).
         Starting Network Service...
[[0;32m  OK  [0m] Started Network Service.
         Starting Network Name Resolution...
         Starting Wait for Network to be Configured...
[[0;32m  OK  [0m] Started Network Name Resolution.
[[0;32m  OK  [0m] Reached target Network.
[[0;32m  OK  [0m] Reached target Host and Network Name Lookups.
[[0;32m  OK  [0m] Started Wait for Network to be Configured.
         Starting Initial cloud-init job (metadata service crawler)...
[   42.368801] cloud-init[903]: Cloud-init v. 23.1.2-0ubuntu0~18.04.1 running 'init' at Fri, 09 Aug 2024 16:43:37 +0000. Up 41.99 seconds.
[   42.411324] cloud-init[903]: ci-info: ++++++++++++++++++++++++++++++++++++++Net device info+++++++++++++++++++++++++++++++++++++++
[   42.445411] cloud-init[903]: ci-info: +--------+-------+----------------------------+---------------+--------+-------------------+
[   42.470785] cloud-init[903]: ci-info: | Device |   Up  |          Address           |      Mask     | Scope  |     Hw-Address    |
[   42.502897] cloud-init[903]: ci-info: +--------+-------+----------------------------+---------------+--------+-------------------+
[   42.532622] cloud-init[903]: ci-info: | enp0s3 |  True |         10.0.2.15          | 255.255.255.0 | global | 02:3b:7b:b7:3b:2d |
[   42.558696] cloud-init[903]: ci-info: | enp0s3 |  True | fe80::3b:7bff:feb7:3b2d/64 |       .       |  link  | 02:3b:7b:b7:3b:2d |
[   42.586019] cloud-init[903]: ci-info: | enp0s8 | False |             .              |       .       |   .    | 08:00:27:6a:dd:ed |
[   42.609983] cloud-init[903]: ci-info: |   lo   |  True |         127.0.0.1          |   255.0.0.0   |  host  |         .         |
[   42.638008] cloud-init[903]: ci-info: |   lo   |  True |          ::1/128           |       .       |  host  |         .         |
[   42.662732] cloud-init[903]: ci-info: +--------+-------+----------------------------+---------------+--------+-------------------+
[   42.689499] cloud-init[903]: ci-info: ++++++++++++++++++++++++++++Route IPv4 info+++++++++++++++++++++++++++++
[   42.712566] cloud-init[903]: ci-info: +-------+-------------+----------+-----------------+-----------+-------+
[   42.740596] cloud-init[903]: ci-info: | Route | Destination | Gateway  |     Genmask     | Interface | Flags |
[   42.766018] cloud-init[903]: ci-info: +-------+-------------+----------+-----------------+-----------+-------+
[   42.785541] cloud-init[903]: ci-info: |   0   |   0.0.0.0   | 10.0.2.2 |     0.0.0.0     |   enp0s3  |   UG  |
[   42.802013] cloud-init[903]: ci-info: |   1   |   10.0.2.0  | 0.0.0.0  |  255.255.255.0  |   enp0s3  |   U   |
[   42.823014] cloud-init[903]: ci-info: |   2   |   10.0.2.2  | 0.0.0.0  | 255.255.255.255 |   enp0s3  |   UH  |
[   42.844820] cloud-init[903]: ci-info: +-------+-------------+----------+-----------------+-----------+-------+
[   42.868543] cloud-init[903]: ci-info: +++++++++++++++++++Route IPv6 info+++++++++++++++++++
[   42.889970] cloud-init[903]: ci-info: +-------+-------------+---------+-----------+-------+
[   42.912272] cloud-init[903]: ci-info: | Route | Destination | Gateway | Interface | Flags |
[   42.931543] cloud-init[903]: ci-info: +-------+-------------+---------+-----------+-------+
[   42.952973] cloud-init[903]: ci-info: |   1   |  fe80::/64  |    ::   |   enp0s3  |   U   |
[   42.977752] cloud-init[903]: ci-info: |   3   |    local    |    ::   |   enp0s3  |   U   |
[   42.994563] cloud-init[903]: ci-info: |   4   |   ff00::/8  |    ::   |   enp0s3  |   U   |
[   43.020605] cloud-init[903]: ci-info: +-------+-------------+---------+-----------+-------+
[   46.418960] cloud-init[903]: Generating public/private rsa key pair.
[   46.461378] cloud-init[903]: Your identification has been saved in /etc/ssh/ssh_host_rsa_key.
[   46.518226] cloud-init[903]: Your public key has been saved in /etc/ssh/ssh_host_rsa_key.pub.
[   46.557750] cloud-init[903]: The key fingerprint is:
[   46.602067] cloud-init[903]: SHA256:vWFLzm2HBF/2hX/8r/kfCsoEfXQk/1Ci3aYLDy9TraM root@ubuntu-bionic
[   46.648740] cloud-init[903]: The key's randomart image is:
[   46.689762] cloud-init[903]: +---[RSA 2048]----+
[   46.721095] cloud-init[903]: |           . o . |
[   46.751293] cloud-init[903]: |            * +. |
[   46.782142] cloud-init[903]: |          .o =+o.|
[   46.816785] cloud-init[903]: |        ...o.o*+.|
[   46.841568] cloud-init[903]: |       .S.=+oo o=|
[[0;32m  OK  [0m[   46.885613] ] Started Initial cloud-init job (metadata service crawler).cloud-init[903]: 
[[0;32m  OK  [0m|        .=.**.o o|] Reached target Cloud-config availability.

[[   46.956202] [0;32m  OK  [0m] Reached target Network is Online.cloud-init[903]: 
|         .=++*...|[[0;32m  OK  [0m
[   47.014933] ] Reached target Remote File Systems (Pre).cloud-init
[[903]: |        o ..=.o.o|[0;32m  OK  [0m
[   47.050397] ] Reached target Remote File Systems.cloud-init[903]: 
|         o E .oo=|         
[   47.078819] Starting Availability of block devices...
cloud-init[[0;32m  OK  [0m] Reached target System Initialization.
[903]: +----[SHA256]-----+[[0;32m  OK  [0m] 
Listening on UUID daemon activation socket.
[[   47.161963] [0;32m  OK  [0m] Started Ubuntu Advantage Timer for running repeated jobs.cloud-init[903]: 
[Generating public/private dsa key pair.[0;32m  OK  [0m] Started Daily Cleanup of Temporary Directories.
[   47.212140] 
[cloud-init[0;32m  OK  [0m] [903]: Your identification has been saved in /etc/ssh/ssh_host_dsa_key.Started Discard unused blocks once a week.
[[0;32m  OK  [0m] Listening on cloud-init hotplug hook socket.

[   47.297911] [[0;32m  OK  [0mcloud-init] Listening on ACPID Listen Socket.[903]: Your public key has been saved in /etc/ssh/ssh_host_dsa_key.pub.
[[0;32m  OK  [0m] Listening on Open-iSCSI iscsid Socket.
[   47.352013] cloud-init
[[903]: The key fingerprint is:[0;32m  OK  [0m
[   47.380020] ] Started Message of the Day.cloud-init[903]: SHA256:yqtzCYOreAw/GVnY9vICR/6J2YLbvBAkgyeJMaTbuTY root@ubuntu-bionic
         
[   47.433443] Starting Socket activation for snappy daemon.
         cloud-initStarting LXD - unix socket.[903]: 
The key's randomart image is:[[0;32m  OK  [0m] Started ACPI Events Check.
[   47.517853] 
[[0;32m  OK  [0mcloud-init] Reached target Paths.[903]: +---[DSA 1024]----+
[[0;32m  OK  [0m] Listening on D-Bus System Message Bus Socket.
[
[   47.635625] [0;32m  OK  [0mcloud-init] Started Daily apt download activities.[903]: |+.               |

[   47.689357] [[0;32m  OK  [0m] cloud-init[903]: |++               |Started Daily apt upgrade and clean activities.

[[0;32m  OK  [0m[   47.741181] ] Reached target Timers.cloud-init[903]: 
[|O oo             |[0;32m  OK  [0m
] [   47.796221] Started Availability of block devices.
[[0;32m  OK  [0mcloud-init] Listening on Socket activation for snappy daemon.[903]: | O..=            |
[
[0;32m  OK  [0m] Listening on LXD - unix socket.[   47.918040] cloud-init
[[903]: |. +B .  S        |[0;32m  OK  [0m] Reached target Sockets.

[[0;32m  OK  [0m[   47.971658] ] Reached target Basic System.
cloud-init         [903]: |. =o*...         |Starting Accounts Service...

         Starting LSB: Record successful boot for GRUB...
[   48.099792] cloud-init[903]: [[0;32m  OK  [0m] Started irqbalance daemon.
[[0;32m  OK  [0m] | +EB Xoo         |Started D-Bus System Message Bus.

[   48.333100] cloud-init[903]: |..O=* B.         |
[   48.455465] cloud-init[903]: |oo.o=B.          |
[   48.526349] cloud-init[903]: +----[SHA256]-----+
[[   48.626060] [0;32m  OK  [0mcloud-init[903]: ] Reached target Login Prompts (Pre).
Generating public/private ecdsa key pair.         Starting Dispatcher daemon for systemd-networkd...
         Starting Pollinate to seed the pseudo random number generator...
[
[0;32m  OK  [0m] Started FUSE filesystem for LXC.
         Starting Virtualbox guest utils...[   48.914722] 
[[0;32m  OK  [0m] Started Regular background program processing daemon.
cloud-init         Starting Permit User Sessions...
[903]: [[0;32m  OK  [0m] Started Deferred execution scheduler.
         Starting Login Service...
         Your identification has been saved in /etc/ssh/ssh_host_ecdsa_key.Starting LSB: automatic crash report generation...
         Starting System Logging Service...
         Starting LXD - container startup/shutdown...
         Starting Snap Daemon...
         Starting Authorization Manager...

[[0;32m  OK  [0m] Started Permit User Sessions.
         Starting Hold until boot process finishes up...
         Starting Terminate Plymouth Boot Screen...
[[0;32m  OK  [0m] Started Hold until boot process finishes up.
[[0;32m  OK  [0m] Started Serial Getty on ttyS0.
[   49.850797]          Starting Set console scheme...
cloud-init[[0;32m  OK  [0m[903]: ] Started Terminate Plymouth Boot Screen.
Your public key has been saved in /etc/ssh/ssh_host_ecdsa_key.pub.[[0;32m  OK  [0m] Started Set console scheme.
[[0;32m  OK  [0m] Created slice system-getty.slice.
[[0;32m  OK  [0m] Started Getty on tty1.
[[0;32m  OK  [0m] Reached target Login Prompts.
[[0;32m  OK  [0m
] Started System Logging Service.
[[0;32m  OK  [0m] Started Authorization Manager.
[[   50.520928] [0;32m  OK  [0m] Started Accounts Service.
cloud-init[903]: The key fingerprint is:[[0;32m  OK  [0m] Started Login Service.
[[0;32m  OK  [0m
] Started Unattended Upgrades Shutdown.
[[0;32m  OK  [0m] Started LSB: Record successful boot for GRUB.
[   51.065503] cloud-init[903]: SHA256:ktOPX7+GXq2mB7mJa82pqKeXh2Y5irblgX4KdYBUgmY root@ubuntu-bionic
[   51.365538] cloud-init[903]: The key's randomart image is:
[   51.599124] [[0;32m  OK  [0m] Started LSB: automatic crash report generation.cloud-init
[903]: +---[ECDSA 256]---+
[   51.829597] cloud-init[903]: | .o..            |
[   52.137486] cloud-init[903]: |.E o             |
[   52.289974] cloud-init[903]: |o . .            |
[   52.454768] cloud-init[903]: |     . o         |
[   52.664985] cloud-init[903]: |    . = S    .   |
[   52.846426] cloud-init[903]: |   . o o o  o  . |
[   53.017520] cloud-init[903]: |  . . o .+.+.*. .|
[   53.100258] cloud-init[903]: |   o.+..Xo+.Bo+. |
[   53.220159] cloud-init[903]: |   .=+=O.+++o=+. |[[0;32m  OK  [0m] Started Virtualbox guest utils.

[   53.661763] cloud-init[903]: +----[SHA256]-----+
[   53.893467] [[0;32m  OK  [0m] Started LXD - container startup/shutdown.
cloud-init[903]: Generating public/private ed25519 key pair.
[   54.079350] cloud-init[903]: Your identification has been saved in /etc/ssh/ssh_host_ed25519_key.
[   54.206052] cloud-init[903]: Your public key has been saved in /etc/ssh/ssh_host_ed25519_key.pub.
[   54.278887] cloud-init[903]: The key fingerprint is:
[   54.401051] cloud-init[903]: SHA256:NMbVeNhBpImajhDYmZumHHnBaCX2vawlC7ZMIgNdnMI root@ubuntu-bionic
[   54.497689] cloud-init[903]: The key's randomart image is:
[   54.605078] cloud-init[903]: +--[ED25519 256]--+
[   54.729580] cloud-init[903]: | + o..    .B+.   |
[   54.924852] cloud-init[903]: |.+E++  . ooo+    |
[   55.154244] cloud-init[903]: |oo*= .  * o.     |
[   55.353633] cloud-init[903]: |o .+o .= .       |
[   55.481149] cloud-init[903]: |+*=o +o S        |
[   55.620328] cloud-init[903]: |B+=.=o           |
[   55.761124] cloud-init[903]: |.+ o. .          |
[   55.886914] cloud-init[903]: |                 |
[   55.964731] cloud-init[903]: |                 |
[   56.081845] cloud-init[903]: +----[SHA256]-----+

Ubuntu 18.04.6 LTS ubuntu-bionic ttyS0

ubuntu-bionic login: [   80.109746] cloud-init[1432]: Cloud-init v. 23.1.2-0ubuntu0~18.04.1 running 'modules:config' at Fri, 09 Aug 2024 16:44:12 +0000. Up 77.70 seconds.
ci-info: no authorized SSH keys fingerprints found for user ubuntu.
<14>Aug  9 16:44:20 cloud-init: #############################################################
<14>Aug  9 16:44:20 cloud-init: -----BEGIN SSH HOST KEY FINGERPRINTS-----
<14>Aug  9 16:44:20 cloud-init: 1024 SHA256:yqtzCYOreAw/GVnY9vICR/6J2YLbvBAkgyeJMaTbuTY root@ubuntu-bionic (DSA)
<14>Aug  9 16:44:20 cloud-init: 256 SHA256:ktOPX7+GXq2mB7mJa82pqKeXh2Y5irblgX4KdYBUgmY root@ubuntu-bionic (ECDSA)
<14>Aug  9 16:44:20 cloud-init: 256 SHA256:NMbVeNhBpImajhDYmZumHHnBaCX2vawlC7ZMIgNdnMI root@ubuntu-bionic (ED25519)
<14>Aug  9 16:44:20 cloud-init: 2048 SHA256:vWFLzm2HBF/2hX/8r/kfCsoEfXQk/1Ci3aYLDy9TraM root@ubuntu-bionic (RSA)
<14>Aug  9 16:44:20 cloud-init: -----END SSH HOST KEY FINGERPRINTS-----
<14>Aug  9 16:44:20 cloud-init: #############################################################
-----BEGIN SSH HOST KEY KEYS-----
ecdsa-sha2-nistp256 AAAAE2VjZHNhLXNoYTItbmlzdHAyNTYAAAAIbmlzdHAyNTYAAABBBE5e5ghDcgXX//nKYBKeW2shx6OoJL70MEYIDsPIL0IASlMlh1ruIY0e7zAHiNoXS7LzJkzbZ1lMpRpmVa1btj4= root@ubuntu-bionic
ssh-ed25519 AAAAC3NzaC1lZDI1NTE5AAAAINQ18o1vcyikNXwdrg+O3H/3cDTZLDE1COxG9gdifBn8 root@ubuntu-bionic
ssh-rsa AAAAB3NzaC1yc2EAAAADAQABAAABAQDIZJN0AsTZJJVsSHs4Q0Lho+tQRZN8v7SrA8dARtd6siHVU1EGAwhNzTPw/3DxZJnjyzhxi+HZ3EEqIIGSdcjGCf3bU7lC1Fgu7YzkEVz2YQMFW768uDmF9/2Y3yaDl06hxCV8bKvM9voGy25jHnvNMqLMIKwA/Iw2tb+rKvPQ7PjE7cfhi/VWF5I4/kzmJYRxiJD3y36DxZpjtDuY1mYBlXXmxMzDbitmrFnMI8WCRnaKcRirSWfHWk5kRB/UONU9emizGmz7fU5vIjxWAs9EClj3H8JWubc5jwzD/OcGAtTgV1ezH/2OoUgs8zFNhyDj9bc2QolXH15+YNhgQnyF root@ubuntu-bionic
-----END SSH HOST KEY KEYS-----
[   85.746997] cloud-init[1686]: Cloud-init v. 23.1.2-0ubuntu0~18.04.1 running 'modules:final' at Fri, 09 Aug 2024 16:44:19 +0000. Up 84.71 seconds.
[   85.792707] cloud-init[1686]: Cloud-init v. 23.1.2-0ubuntu0~18.04.1 finished at Fri, 09 Aug 2024 16:44:20 +0000. Datasource DataSourceNoCloud [seed=/dev/sdb][dsmode=net].  Up 85.71 seconds
